AutoDock Vina v1.2.5
#################################################################
# If you used AutoDock Vina in your work, please cite:          #
#                                                               #
# J. Eberhardt, D. Santos-Martins, A. F. Tillack, and S. Forli  #
# AutoDock Vina 1.2.0: New Docking Methods, Expanded Force      #
# Field, and Python Bindings, J. Chem. Inf. Model. (2021)       #
# DOI 10.1021/acs.jcim.1c00203                                  #
#                                                               #
# O. Trott, A. J. Olson,                                        #
# AutoDock Vina: improving the speed and accuracy of docking    #
# with a new scoring function, efficient optimization and       #
# multithreading, J. Comp. Chem. (2010)                         #
# DOI 10.1002/jcc.21334                                         #
#                                                               #
# Please see https://github.com/ccsb-scripps/AutoDock-Vina for  #
# more information.                                             #
#################################################################

Output will be mol_2024_07_09_1211440_000_out.pdbqt
Scoring function : vina
Rigid receptor: Mpro-protein.pdbqt
Ligand: mol_2024_07_09_1211440_000.pdbqt
Grid center: X 9.73686 Y -2.66241 Z 24.7982
Grid size  : X 50 Y 50 Z 50
Grid space : 0.375
Exhaustiveness: 8
CPU: 0
Verbosity: 1

Computing Vina grid ... done.
Performing docking (random seed: -1970210004) ... 
0%   10   20   30   40   50   60   70   80   90   100%
|----|----|----|----|----|----|----|----|----|----|
***************************************************

mode |   affinity | dist from best mode
     | (kcal/mol) | rmsd l.b.| rmsd u.b.
-----+------------+----------+----------
   1       -4.187          0          0
   2       -4.088      23.98      24.82
   3       -4.077      2.174      2.815
   4       -4.068      28.09       29.6
   5       -4.068      33.59      34.96
   6        -4.05      21.98      23.85
   7       -3.966      26.11      27.49
   8       -3.907      3.453      4.343
   9         -3.9      26.25      27.29
