AutoDock Vina v1.2.5
#################################################################
# If you used AutoDock Vina in your work, please cite:          #
#                                                               #
# J. Eberhardt, D. Santos-Martins, A. F. Tillack, and S. Forli  #
# AutoDock Vina 1.2.0: New Docking Methods, Expanded Force      #
# Field, and Python Bindings, J. Chem. Inf. Model. (2021)       #
# DOI 10.1021/acs.jcim.1c00203                                  #
#                                                               #
# O. Trott, A. J. Olson,                                        #
# AutoDock Vina: improving the speed and accuracy of docking    #
# with a new scoring function, efficient optimization and       #
# multithreading, J. Comp. Chem. (2010)                         #
# DOI 10.1002/jcc.21334                                         #
#                                                               #
# Please see https://github.com/ccsb-scripps/AutoDock-Vina for  #
# more information.                                             #
#################################################################

Output will be mol_2024_07_09_1128512_000_out.pdbqt
Scoring function : vina
Rigid receptor: Mpro-protein.pdbqt
Ligand: mol_2024_07_09_1128512_000.pdbqt
Grid center: X 9.73686 Y -2.66241 Z 24.7982
Grid size  : X 50 Y 50 Z 50
Grid space : 0.375
Exhaustiveness: 8
CPU: 0
Verbosity: 1

Computing Vina grid ... done.
Performing docking (random seed: -248918336) ... 
0%   10   20   30   40   50   60   70   80   90   100%
|----|----|----|----|----|----|----|----|----|----|
***************************************************

mode |   affinity | dist from best mode
     | (kcal/mol) | rmsd l.b.| rmsd u.b.
-----+------------+----------+----------
   1       -4.781          0          0
   2       -4.651      36.28      38.92
   3       -4.649      30.48      31.37
   4       -4.475      3.824      6.042
   5       -4.442      32.74      33.27
   6       -4.426      23.86      25.22
   7       -4.377      14.72      17.81
   8       -4.345      23.15      25.21
   9       -4.193      20.98      22.77
