AutoDock Vina v1.2.5
#################################################################
# If you used AutoDock Vina in your work, please cite:          #
#                                                               #
# J. Eberhardt, D. Santos-Martins, A. F. Tillack, and S. Forli  #
# AutoDock Vina 1.2.0: New Docking Methods, Expanded Force      #
# Field, and Python Bindings, J. Chem. Inf. Model. (2021)       #
# DOI 10.1021/acs.jcim.1c00203                                  #
#                                                               #
# O. Trott, A. J. Olson,                                        #
# AutoDock Vina: improving the speed and accuracy of docking    #
# with a new scoring function, efficient optimization and       #
# multithreading, J. Comp. Chem. (2010)                         #
# DOI 10.1002/jcc.21334                                         #
#                                                               #
# Please see https://github.com/ccsb-scripps/AutoDock-Vina for  #
# more information.                                             #
#################################################################

Output will be Updated_Mpro_data_2_out.pdbqt
Scoring function : vina
Rigid receptor: 6YNQ_receptor_fixed.pdbqt
Ligand: Updated_Mpro_data_2.pdbqt
Grid center: X -5.85819 Y 0.0505576 Z -19.7854
Grid size  : X 50 Y 50 Z 50
Grid space : 0.375
Exhaustiveness: 8
CPU: 0
Verbosity: 1

Computing Vina grid ... done.
Performing docking (random seed: 1888160223) ... 
0%   10   20   30   40   50   60   70   80   90   100%
|----|----|----|----|----|----|----|----|----|----|
***************************************************

mode |   affinity | dist from best mode
     | (kcal/mol) | rmsd l.b.| rmsd u.b.
-----+------------+----------+----------
   1       -6.135          0          0
   2       -6.084      4.618      8.022
   3       -6.082      4.095      7.265
   4        -5.87      29.27      31.61
   5       -5.843      32.05      34.09
   6       -5.729       2.99      7.575
   7        -5.63      1.293      2.646
   8       -5.617      3.339      7.131
   9       -5.564      5.403      8.271
