AutoDock Vina v1.2.5
#################################################################
# If you used AutoDock Vina in your work, please cite:          #
#                                                               #
# J. Eberhardt, D. Santos-Martins, A. F. Tillack, and S. Forli  #
# AutoDock Vina 1.2.0: New Docking Methods, Expanded Force      #
# Field, and Python Bindings, J. Chem. Inf. Model. (2021)       #
# DOI 10.1021/acs.jcim.1c00203                                  #
#                                                               #
# O. Trott, A. J. Olson,                                        #
# AutoDock Vina: improving the speed and accuracy of docking    #
# with a new scoring function, efficient optimization and       #
# multithreading, J. Comp. Chem. (2010)                         #
# DOI 10.1002/jcc.21334                                         #
#                                                               #
# Please see https://github.com/ccsb-scripps/AutoDock-Vina for  #
# more information.                                             #
#################################################################

Output will be Updated_Mpro_data_3_out.pdbqt
Scoring function : vina
Rigid receptor: 6YNQ_receptor_fixed.pdbqt
Ligand: Updated_Mpro_data_3.pdbqt
Grid center: X -5.85819 Y 0.0505576 Z -19.7854
Grid size  : X 50 Y 50 Z 50
Grid space : 0.375
Exhaustiveness: 8
CPU: 0
Verbosity: 1

Computing Vina grid ... done.
Performing docking (random seed: 1308650289) ... 
0%   10   20   30   40   50   60   70   80   90   100%
|----|----|----|----|----|----|----|----|----|----|
***************************************************

mode |   affinity | dist from best mode
     | (kcal/mol) | rmsd l.b.| rmsd u.b.
-----+------------+----------+----------
   1       -5.064          0          0
   2       -5.055      27.18       29.2
   3       -5.055      29.31       31.6
   4        -4.98      4.394      6.003
   5       -4.896      4.057      6.175
   6       -4.854       4.81      7.575
   7       -4.746      2.733      4.276
   8        -4.73      2.011      2.411
   9       -4.636       4.39       7.41
