AutoDock Vina v1.2.5
#################################################################
# If you used AutoDock Vina in your work, please cite:          #
#                                                               #
# J. Eberhardt, D. Santos-Martins, A. F. Tillack, and S. Forli  #
# AutoDock Vina 1.2.0: New Docking Methods, Expanded Force      #
# Field, and Python Bindings, J. Chem. Inf. Model. (2021)       #
# DOI 10.1021/acs.jcim.1c00203                                  #
#                                                               #
# O. Trott, A. J. Olson,                                        #
# AutoDock Vina: improving the speed and accuracy of docking    #
# with a new scoring function, efficient optimization and       #
# multithreading, J. Comp. Chem. (2010)                         #
# DOI 10.1002/jcc.21334                                         #
#                                                               #
# Please see https://github.com/ccsb-scripps/AutoDock-Vina for  #
# more information.                                             #
#################################################################

Output will be mol_2024_07_09_1315380_000_out.pdbqt
Scoring function : vina
Rigid receptor: Mpro-protein.pdbqt
Ligand: mol_2024_07_09_1315380_000.pdbqt
Grid center: X 9.73686 Y -2.66241 Z 24.7982
Grid size  : X 50 Y 50 Z 50
Grid space : 0.375
Exhaustiveness: 8
CPU: 0
Verbosity: 1

Computing Vina grid ... done.
Performing docking (random seed: -1788458901) ... 
0%   10   20   30   40   50   60   70   80   90   100%
|----|----|----|----|----|----|----|----|----|----|
***************************************************

mode |   affinity | dist from best mode
     | (kcal/mol) | rmsd l.b.| rmsd u.b.
-----+------------+----------+----------
   1       -6.036          0          0
   2       -6.022      5.502      6.648
   3       -5.761      3.956      7.491
   4       -5.704      4.122      7.582
   5       -5.699      2.731      3.366
   6       -5.631      2.388      2.781
   7       -5.528      3.549      7.587
   8       -5.508      3.943      5.142
   9       -5.452      3.601      7.356
