AutoDock Vina v1.2.5
#################################################################
# If you used AutoDock Vina in your work, please cite:          #
#                                                               #
# J. Eberhardt, D. Santos-Martins, A. F. Tillack, and S. Forli  #
# AutoDock Vina 1.2.0: New Docking Methods, Expanded Force      #
# Field, and Python Bindings, J. Chem. Inf. Model. (2021)       #
# DOI 10.1021/acs.jcim.1c00203                                  #
#                                                               #
# O. Trott, A. J. Olson,                                        #
# AutoDock Vina: improving the speed and accuracy of docking    #
# with a new scoring function, efficient optimization and       #
# multithreading, J. Comp. Chem. (2010)                         #
# DOI 10.1002/jcc.21334                                         #
#                                                               #
# Please see https://github.com/ccsb-scripps/AutoDock-Vina for  #
# more information.                                             #
#################################################################

Output will be 1AG9_ligand_out.pdbqt
Scoring function : vina
Rigid receptor: 1AG9_receptor_fixed.pdbqt
Ligand: 1AG9_ligand.pdbqt
Grid center: X -17.2367 Y 58.8617 Z 17.2819
Grid size  : X 50 Y 50 Z 50
Grid space : 0.375
Exhaustiveness: 8
CPU: 0
Verbosity: 1

Computing Vina grid ... done.
Performing docking (random seed: 977826893) ... 
0%   10   20   30   40   50   60   70   80   90   100%
|----|----|----|----|----|----|----|----|----|----|
***************************************************

mode |   affinity | dist from best mode
     | (kcal/mol) | rmsd l.b.| rmsd u.b.
-----+------------+----------+----------
   1       -7.614          0          0
   2       -7.392      4.077       6.58
   3       -7.224      14.77       16.4
   4       -7.209      15.08      17.11
   5       -7.115      14.67      16.97
   6       -7.104      14.58      17.49
   7       -7.019      17.12      18.97
   8       -6.998      12.67       15.5
   9       -6.941      17.93      20.74
