AutoDock Vina v1.2.5
#################################################################
# If you used AutoDock Vina in your work, please cite:          #
#                                                               #
# J. Eberhardt, D. Santos-Martins, A. F. Tillack, and S. Forli  #
# AutoDock Vina 1.2.0: New Docking Methods, Expanded Force      #
# Field, and Python Bindings, J. Chem. Inf. Model. (2021)       #
# DOI 10.1021/acs.jcim.1c00203                                  #
#                                                               #
# O. Trott, A. J. Olson,                                        #
# AutoDock Vina: improving the speed and accuracy of docking    #
# with a new scoring function, efficient optimization and       #
# multithreading, J. Comp. Chem. (2010)                         #
# DOI 10.1002/jcc.21334                                         #
#                                                               #
# Please see https://github.com/ccsb-scripps/AutoDock-Vina for  #
# more information.                                             #
#################################################################

Output will be 1AG9_ligand_out.pdbqt
Scoring function : vina
Rigid receptor: 1AG9_receptor_fixed.pdbqt
Ligand: 1AG9_ligand.pdbqt
Grid center: X -17.2367 Y 58.8617 Z 17.2819
Grid size  : X 50 Y 50 Z 50
Grid space : 0.375
Exhaustiveness: 8
CPU: 0
Verbosity: 1

Computing Vina grid ... done.
Performing docking (random seed: -1339426045) ... 
0%   10   20   30   40   50   60   70   80   90   100%
|----|----|----|----|----|----|----|----|----|----|
***************************************************

mode |   affinity | dist from best mode
     | (kcal/mol) | rmsd l.b.| rmsd u.b.
-----+------------+----------+----------
   1       -12.86          0          0
   2       -8.056      19.46      21.61
   3       -7.653      16.89      20.34
   4       -7.498      19.87      22.41
   5       -7.164      17.54      20.64
   6       -7.161      15.46      19.03
   7       -7.151      20.18      21.82
   8       -6.967      15.59      18.74
   9       -6.966      19.62       22.7
