AutoDock Vina v1.2.5
#################################################################
# If you used AutoDock Vina in your work, please cite:          #
#                                                               #
# J. Eberhardt, D. Santos-Martins, A. F. Tillack, and S. Forli  #
# AutoDock Vina 1.2.0: New Docking Methods, Expanded Force      #
# Field, and Python Bindings, J. Chem. Inf. Model. (2021)       #
# DOI 10.1021/acs.jcim.1c00203                                  #
#                                                               #
# O. Trott, A. J. Olson,                                        #
# AutoDock Vina: improving the speed and accuracy of docking    #
# with a new scoring function, efficient optimization and       #
# multithreading, J. Comp. Chem. (2010)                         #
# DOI 10.1002/jcc.21334                                         #
#                                                               #
# Please see https://github.com/ccsb-scripps/AutoDock-Vina for  #
# more information.                                             #
#################################################################

Output will be mol_2024_07_09_1201021_000_out.pdbqt
Scoring function : vina
Rigid receptor: Mpro-protein.pdbqt
Ligand: mol_2024_07_09_1201021_000.pdbqt
Grid center: X 9.73686 Y -2.66241 Z 24.7982
Grid size  : X 50 Y 50 Z 50
Grid space : 0.375
Exhaustiveness: 8
CPU: 0
Verbosity: 1

Computing Vina grid ... done.
Performing docking (random seed: 708326698) ... 
0%   10   20   30   40   50   60   70   80   90   100%
|----|----|----|----|----|----|----|----|----|----|
***************************************************

mode |   affinity | dist from best mode
     | (kcal/mol) | rmsd l.b.| rmsd u.b.
-----+------------+----------+----------
   1       -4.798          0          0
   2       -4.628      24.51      25.41
   3        -4.57      26.69      27.97
   4       -4.445      3.331      6.273
   5       -4.442      2.725      3.079
   6       -4.383      2.883      4.205
   7       -4.365      25.88      27.12
   8       -4.361      12.19      13.48
   9       -4.351      2.883      5.956
