AutoDock Vina v1.2.5
#################################################################
# If you used AutoDock Vina in your work, please cite:          #
#                                                               #
# J. Eberhardt, D. Santos-Martins, A. F. Tillack, and S. Forli  #
# AutoDock Vina 1.2.0: New Docking Methods, Expanded Force      #
# Field, and Python Bindings, J. Chem. Inf. Model. (2021)       #
# DOI 10.1021/acs.jcim.1c00203                                  #
#                                                               #
# O. Trott, A. J. Olson,                                        #
# AutoDock Vina: improving the speed and accuracy of docking    #
# with a new scoring function, efficient optimization and       #
# multithreading, J. Comp. Chem. (2010)                         #
# DOI 10.1002/jcc.21334                                         #
#                                                               #
# Please see https://github.com/ccsb-scripps/AutoDock-Vina for  #
# more information.                                             #
#################################################################

Output will be mol_2024_07_09_1349261_000_out.pdbqt
Scoring function : vina
Rigid receptor: Mpro-protein.pdbqt
Ligand: mol_2024_07_09_1349261_000.pdbqt
Grid center: X 9.73686 Y -2.66241 Z 24.7982
Grid size  : X 50 Y 50 Z 50
Grid space : 0.375
Exhaustiveness: 8
CPU: 0
Verbosity: 1

Computing Vina grid ... done.
Performing docking (random seed: 1194093379) ... 
0%   10   20   30   40   50   60   70   80   90   100%
|----|----|----|----|----|----|----|----|----|----|
***************************************************

mode |   affinity | dist from best mode
     | (kcal/mol) | rmsd l.b.| rmsd u.b.
-----+------------+----------+----------
   1        -7.58          0          0
   2       -7.235      2.783      5.863
   3       -6.898      4.209      6.361
   4       -6.863      2.477       6.04
   5       -6.783      1.973      2.042
   6       -6.648      3.846      5.736
   7       -6.442      14.85      16.35
   8        -6.23      2.329      5.698
   9       -6.186      5.879      8.193
