AutoDock Vina v1.2.5
#################################################################
# If you used AutoDock Vina in your work, please cite:          #
#                                                               #
# J. Eberhardt, D. Santos-Martins, A. F. Tillack, and S. Forli  #
# AutoDock Vina 1.2.0: New Docking Methods, Expanded Force      #
# Field, and Python Bindings, J. Chem. Inf. Model. (2021)       #
# DOI 10.1021/acs.jcim.1c00203                                  #
#                                                               #
# O. Trott, A. J. Olson,                                        #
# AutoDock Vina: improving the speed and accuracy of docking    #
# with a new scoring function, efficient optimization and       #
# multithreading, J. Comp. Chem. (2010)                         #
# DOI 10.1002/jcc.21334                                         #
#                                                               #
# Please see https://github.com/ccsb-scripps/AutoDock-Vina for  #
# more information.                                             #
#################################################################

Output will be Updated_Mpro_data_1_out.pdbqt
Scoring function : vina
Rigid receptor: 6YNQ_receptor_fixed.pdbqt
Ligand: Updated_Mpro_data_1.pdbqt
Grid center: X -5.85819 Y 0.0505576 Z -19.7854
Grid size  : X 50 Y 50 Z 50
Grid space : 0.375
Exhaustiveness: 8
CPU: 0
Verbosity: 1

Computing Vina grid ... done.
Performing docking (random seed: -1938519378) ... 
0%   10   20   30   40   50   60   70   80   90   100%
|----|----|----|----|----|----|----|----|----|----|
***************************************************

mode |   affinity | dist from best mode
     | (kcal/mol) | rmsd l.b.| rmsd u.b.
-----+------------+----------+----------
   1       -6.195          0          0
   2       -6.166      3.676      7.114
   3       -6.097      2.659      3.629
   4       -6.081      6.753        8.1
   5       -6.028      27.48       29.8
   6       -5.813      5.255      7.691
   7       -5.773      7.507      10.58
   8       -5.672       4.82      7.112
   9       -5.662      3.929      7.361
